<?xml version="1.0" encoding="UTF-8"?>
<testsuite name="com.catequese.catequeseapi.CatequeseapiApplicationTests" tests="1" skipped="0" failures="0" errors="0" timestamp="2026-02-20T04:08:57.706Z" hostname="policorp" time="0.289">
  <properties/>
  <testcase name="contextLoads()" classname="com.catequese.catequeseapi.CatequeseapiApplicationTests" time="0.289"/>
  <system-out><![CDATA[01:08:48.610 [Test worker] INFO org.springframework.test.context.support.AnnotationConfigContextLoaderUtils -- Could not detect default configuration classes for test class [com.catequese.catequeseapi.CatequeseapiApplicationTests]: CatequeseapiApplicationTests does not declare any static, non-private, non-final, nested classes annotated with @Configuration.
01:08:48.687 [Test worker] INFO org.springframework.boot.test.context.SpringBootTestContextBootstrapper -- Found @SpringBootConfiguration com.catequese.catequeseapi.CatequeseapiApplication for test class com.catequese.catequeseapi.CatequeseapiApplicationTests

  .   ____          _            __ _ _
 /\\ / ___'_ __ _ _(_)_ __  __ _ \ \ \ \
( ( )\___ | '_ | '_| | '_ \/ _` | \ \ \ \
 \\/  ___)| |_)| | | | | || (_| |  ) ) ) )
  '  |____| .__|_| |_|_| |_\__, | / / / /
 =========|_|==============|___/=/_/_/_/

 :: Spring Boot ::                (v3.5.5)

2026-02-20 01:08:49.052 [Test worker] INFO  c.c.c.CatequeseapiApplicationTests - Starting CatequeseapiApplicationTests using Java 21.0.8 with PID 29280 (started by usuario in /home/usuario/workspace/catequeseapi)
2026-02-20 01:08:49.053 [Test worker] DEBUG c.c.c.CatequeseapiApplicationTests - Running with Spring Boot v3.5.5, Spring v6.2.10
2026-02-20 01:08:49.054 [Test worker] INFO  c.c.c.CatequeseapiApplicationTests - No active profile set, falling back to 1 default profile: "default"
2026-02-20 01:08:49.583 [Test worker] INFO  o.s.d.r.c.RepositoryConfigurationDelegate - Bootstrapping Spring Data JPA repositories in DEFAULT mode.
2026-02-20 01:08:49.654 [Test worker] INFO  o.s.d.r.c.RepositoryConfigurationDelegate - Finished Spring Data repository scanning in 61 ms. Found 12 JPA repository interfaces.
2026-02-20 01:08:50.090 [Test worker] INFO  o.h.jpa.internal.util.LogHelper - HHH000204: Processing PersistenceUnitInfo [name: default]
2026-02-20 01:08:50.128 [Test worker] INFO  org.hibernate.Version - HHH000412: Hibernate ORM core version 6.6.26.Final
2026-02-20 01:08:50.149 [Test worker] INFO  o.h.c.i.RegionFactoryInitiator - HHH000026: Second-level cache disabled
2026-02-20 01:08:50.334 [Test worker] INFO  o.s.o.j.p.SpringPersistenceUnitInfo - No LoadTimeWeaver setup: ignoring JPA class transformer
2026-02-20 01:08:50.355 [Test worker] INFO  com.zaxxer.hikari.HikariDataSource - HikariPool-1 - Starting...
2026-02-20 01:08:54.624 [Test worker] INFO  com.zaxxer.hikari.pool.HikariPool - HikariPool-1 - Added connection com.mysql.cj.jdbc.ConnectionImpl@7c03f9d0
2026-02-20 01:08:54.625 [Test worker] INFO  com.zaxxer.hikari.HikariDataSource - HikariPool-1 - Start completed.
2026-02-20 01:08:54.947 [Test worker] WARN  org.hibernate.orm.deprecation - HHH90000025: MySQL8Dialect does not need to be specified explicitly using 'hibernate.dialect' (remove the property setting and it will be selected by default)
2026-02-20 01:08:54.948 [Test worker] WARN  org.hibernate.orm.deprecation - HHH90000026: MySQL8Dialect has been deprecated; use org.hibernate.dialect.MySQLDialect instead
2026-02-20 01:08:54.959 [Test worker] INFO  o.hibernate.orm.connections.pooling - HHH10001005: Database info:
	Database JDBC URL [Connecting through datasource 'HikariDataSource (HikariPool-1)']
	Database driver: undefined/unknown
	Database version: 8.0
	Autocommit mode: undefined/unknown
	Isolation level: undefined/unknown
	Minimum pool size: undefined/unknown
	Maximum pool size: undefined/unknown
2026-02-20 01:08:55.629 [Test worker] INFO  o.h.e.t.j.p.i.JtaPlatformInitiator - HHH000489: No JTA platform available (set 'hibernate.transaction.jta.platform' to enable JTA platform integration)
2026-02-20 01:08:56.772 [Test worker] INFO  o.s.o.j.LocalContainerEntityManagerFactoryBean - Initialized JPA EntityManagerFactory for persistence unit 'default'
2026-02-20 01:08:57.218 [Test worker] INFO  c.c.c.service.FileStorageService - ]]>&#x1f4c2;<![CDATA[ Inicializando FileStorageService com diretório raiz: /home/usuario/workspace/catequeseapi/uploads
2026-02-20 01:08:57.220 [Test worker] INFO  c.c.c.service.FileStorageService - ✅ Diretório de uploads criado/verificado
2026-02-20 01:08:57.391 [Test worker] WARN  o.s.b.a.o.j.JpaBaseConfiguration$JpaWebConfiguration - spring.jpa.open-in-view is enabled by default. Therefore, database queries may be performed during view rendering. Explicitly configure spring.jpa.open-in-view to disable this warning
2026-02-20 01:08:57.412 [Test worker] INFO  o.s.b.a.w.s.WelcomePageHandlerMapping - Adding welcome page: class path resource [static/index.html]
2026-02-20 01:08:57.697 [Test worker] INFO  c.c.c.CatequeseapiApplicationTests - Started CatequeseapiApplicationTests in 8.899 seconds (process running for 9.645)
]]></system-out>
  <system-err><![CDATA[Mockito is currently self-attaching to enable the inline-mock-maker. This will no longer work in future releases of the JDK. Please add Mockito as an agent to your build as described in Mockito's documentation: https://javadoc.io/doc/org.mockito/mockito-core/latest/org.mockito/org/mockito/Mockito.html#0.3
WARNING: A Java agent has been loaded dynamically (/home/usuario/.gradle/caches/modules-2/files-2.1/net.bytebuddy/byte-buddy-agent/1.17.7/fbf3d6d649ed37fc9e9c59480a05be0a26e3c2da/byte-buddy-agent-1.17.7.jar)
WARNING: If a serviceability tool is in use, please run with -XX:+EnableDynamicAgentLoading to hide this warning
WARNING: If a serviceability tool is not in use, please run with -Djdk.instrument.traceUsage for more information
WARNING: Dynamic loading of agents will be disallowed by default in a future release
]]></system-err>
</testsuite>
